# JRE version: Java(TM) SE Runtime Environment (8.0_121-b13) (build 1.8.0_121-b13)
# Java VM: Java HotSpot(TM) 64-Bit Server VM (25.121-b13 mixed mode windows-amd64 compressed oops)
Heap:
 PSYoungGen      total 71680K, used 15323K [0x00000000d5580000, 0x00000000da080000, 0x0000000100000000)
  eden space 66560K, 23% used [0x00000000d5580000,0x00000000d6476e18,0x00000000d9680000)
  from space 5120K, 0% used [0x00000000d9b80000,0x00000000d9b80000,0x00000000da080000)
  to   space 5120K, 0% used [0x00000000d9680000,0x00000000d9680000,0x00000000d9b80000)
 ParOldGen       total 62464K, used 33788K [0x0000000080000000, 0x0000000083d00000, 0x00000000d5580000)
  object space 62464K, 54% used [0x0000000080000000,0x00000000820ff3f8,0x0000000083d00000)
 Metaspace       used 42369K, capacity 45089K, committed 45400K, reserved 1087488K
  class space    used 5949K, capacity 6437K, committed 6528K, reserved 1048576K
GC Heap History (10 events):
Event: 6.994 GC heap before
{Heap before GC invocations=11 (full 2):
 PSYoungGen      total 71680K, used 66560K [0x00000000d5580000, 0x00000000da080000, 0x0000000100000000)
  eden space 66560K, 100% used [0x00000000d5580000,0x00000000d9680000,0x00000000d9680000)
  from space 5120K, 0% used [0x00000000d9b80000,0x00000000d9b80000,0x00000000da080000)
  to   space 5120K, 0% used [0x00000000d9680000,0x00000000d9680000,0x00000000d9b80000)
 ParOldGen       total 62464K, used 28181K [0x0000000080000000, 0x0000000083d00000, 0x00000000d5580000)
  object space 62464K, 45% used [0x0000000080000000,0x0000000081b854f0,0x0000000083d00000)
 Metaspace       used 35494K, capacity 37316K, committed 37464K, reserved 1081344K
  class space    used 4870K, capacity 5209K, committed 5248K, reserved 1048576K
Event: 7.006 GC heap after
Heap after GC invocations=11 (full 2):
 PSYoungGen      total 71680K, used 5099K [0x00000000d5580000, 0x00000000da080000, 0x0000000100000000)
  eden space 66560K, 0% used [0x00000000d5580000,0x00000000d5580000,0x00000000d9680000)
  from space 5120K, 99% used [0x00000000d9680000,0x00000000d9b7ad78,0x00000000d9b80000)
  to   space 5120K, 0% used [0x00000000d9b80000,0x00000000d9b80000,0x00000000da080000)
 ParOldGen       total 62464K, used 29414K [0x0000000080000000, 0x0000000083d00000, 0x00000000d5580000)
  object space 62464K, 47% used [0x0000000080000000,0x0000000081cb98d0,0x0000000083d00000)
 Metaspace       used 35494K, capacity 37316K, committed 37464K, reserved 1081344K
  class space    used 4870K, capacity 5209K, committed 5248K, reserved 1048576K
}
Event: 8.077 GC heap before
{Heap before GC invocations=12 (full 2):
 PSYoungGen      total 71680K, used 71659K [0x00000000d5580000, 0x00000000da080000, 0x0000000100000000)
  eden space 66560K, 100% used [0x00000000d5580000,0x00000000d9680000,0x00000000d9680000)
  from space 5120K, 99% used [0x00000000d9680000,0x00000000d9b7ad78,0x00000000d9b80000)
  to   space 5120K, 0% used [0x00000000d9b80000,0x00000000d9b80000,0x00000000da080000)
 ParOldGen       total 62464K, used 29414K [0x0000000080000000, 0x0000000083d00000, 0x00000000d5580000)
  object space 62464K, 47% used [0x0000000080000000,0x0000000081cb98d0,0x0000000083d00000)
 Metaspace       used 39073K, capacity 41186K, committed 41304K, reserved 1085440K
  class space    used 5382K, capacity 5750K, committed 5760K, reserved 1048576K
Event: 8.093 GC heap after
Heap after GC invocations=12 (full 2):
 PSYoungGen      total 71680K, used 5106K [0x00000000d5580000, 0x00000000da080000, 0x0000000100000000)
  eden space 66560K, 0% used [0x00000000d5580000,0x00000000d5580000,0x00000000d9680000)
  from space 5120K, 99% used [0x00000000d9b80000,0x00000000da07c808,0x00000000da080000)
  to   space 5120K, 0% used [0x00000000d9680000,0x00000000d9680000,0x00000000d9b80000)
 ParOldGen       total 62464K, used 33375K [0x0000000080000000, 0x0000000083d00000, 0x00000000d5580000)
  object space 62464K, 53% used [0x0000000080000000,0x0000000082097e20,0x0000000083d00000)
 Metaspace       used 39073K, capacity 41186K, committed 41304K, reserved 1085440K
  class space    used 5382K, capacity 5750K, committed 5760K, reserved 1048576K
}
Event: 8.981 GC heap before
{Heap before GC invocations=13 (full 2):
 PSYoungGen      total 71680K, used 71666K [0x00000000d5580000, 0x00000000da080000, 0x0000000100000000)
  eden space 66560K, 100% used [0x00000000d5580000,0x00000000d9680000,0x00000000d9680000)
  from space 5120K, 99% used [0x00000000d9b80000,0x00000000da07c808,0x00000000da080000)
  to   space 5120K, 0% used [0x00000000d9680000,0x00000000d9680000,0x00000000d9b80000)
 ParOldGen       total 62464K, used 33375K [0x0000000080000000, 0x0000000083d00000, 0x00000000d5580000)
  object space 62464K, 53% used [0x0000000080000000,0x0000000082097e20,0x0000000083d00000)
 Metaspace       used 41054K, capacity 43514K, committed 43864K, reserved 1087488K
  class space    used 5734K, capacity 6154K, committed 6272K, reserved 1048576K
Event: 8.991 GC heap after
Heap after GC invocations=13 (full 2):
 PSYoungGen      total 71680K, used 4715K [0x00000000d5580000, 0x00000000da080000, 0x0000000100000000)
  eden space 66560K, 0% used [0x00000000d5580000,0x00000000d5580000,0x00000000d9680000)
  from space 5120K, 92% used [0x00000000d9680000,0x00000000d9b1ad58,0x00000000d9b80000)
  to   space 5120K, 0% used [0x00000000d9b80000,0x00000000d9b80000,0x00000000da080000)
 ParOldGen       total 62464K, used 38363K [0x0000000080000000, 0x0000000083d00000, 0x00000000d5580000)
  object space 62464K, 61% used [0x0000000080000000,0x0000000082576c70,0x0000000083d00000)
 Metaspace       used 41054K, capacity 43514K, committed 43864K, reserved 1087488K
  class space    used 5734K, capacity 6154K, committed 6272K, reserved 1048576K
}
Event: 9.424 GC heap before
{Heap before GC invocations=14 (full 2):
 PSYoungGen      total 71680K, used 56394K [0x00000000d5580000, 0x00000000da080000, 0x0000000100000000)
  eden space 66560K, 77% used [0x00000000d5580000,0x00000000d87f7dc0,0x00000000d9680000)
  from space 5120K, 92% used [0x00000000d9680000,0x00000000d9b1ad58,0x00000000d9b80000)
  to   space 5120K, 0% used [0x00000000d9b80000,0x00000000d9b80000,0x00000000da080000)
 ParOldGen       total 62464K, used 38363K [0x0000000080000000, 0x0000000083d00000, 0x00000000d5580000)
  object space 62464K, 61% used [0x0000000080000000,0x0000000082576c70,0x0000000083d00000)
 Metaspace       used 42131K, capacity 44721K, committed 44760K, reserved 1087488K
  class space    used 5908K, capacity 6400K, committed 6400K, reserved 1048576K
Event: 9.434 GC heap after
Heap after GC invocations=14 (full 2):
 PSYoungGen      total 71680K, used 3019K [0x00000000d5580000, 0x00000000da080000, 0x0000000100000000)
  eden space 66560K, 0% used [0x00000000d5580000,0x00000000d5580000,0x00000000d9680000)
  from space 5120K, 58% used [0x00000000d9b80000,0x00000000d9e72de0,0x00000000da080000)
  to   space 5120K, 0% used [0x00000000d9680000,0x00000000d9680000,0x00000000d9b80000)
 ParOldGen       total 62464K, used 41528K [0x0000000080000000, 0x0000000083d00000, 0x00000000d5580000)
  object space 62464K, 66% used [0x0000000080000000,0x000000008288e0e8,0x0000000083d00000)
 Metaspace       used 42131K, capacity 44721K, committed 44760K, reserved 1087488K
  class space    used 5908K, capacity 6400K, committed 6400K, reserved 1048576K
}
Event: 9.434 GC heap before
{Heap before GC invocations=15 (full 3):
 PSYoungGen      total 71680K, used 3019K [0x00000000d5580000, 0x00000000da080000, 0x0000000100000000)
  eden space 66560K, 0% used [0x00000000d5580000,0x00000000d5580000,0x00000000d9680000)
  from space 5120K, 58% used [0x00000000d9b80000,0x00000000d9e72de0,0x00000000da080000)
  to   space 5120K, 0% used [0x00000000d9680000,0x00000000d9680000,0x00000000d9b80000)
 ParOldGen       total 62464K, used 41528K [0x0000000080000000, 0x0000000083d00000, 0x00000000d5580000)
  object space 62464K, 66% used [0x0000000080000000,0x000000008288e0e8,0x0000000083d00000)
 Metaspace       used 42131K, capacity 44721K, committed 44760K, reserved 1087488K
  class space    used 5908K, capacity 6400K, committed 6400K, reserved 1048576K
Event: 9.628 GC heap after
Heap after GC invocations=15 (full 3):
 PSYoungGen      total 71680K, used 0K [0x00000000d5580000, 0x00000000da080000, 0x0000000100000000)
  eden space 66560K, 0% used [0x00000000d5580000,0x00000000d5580000,0x00000000d9680000)
  from space 5120K, 0% used [0x00000000d9b80000,0x00000000d9b80000,0x00000000da080000)
  to   space 5120K, 0% used [0x00000000d9680000,0x00000000d9680000,0x00000000d9b80000)
 ParOldGen       total 62464K, used 33788K [0x0000000080000000, 0x0000000083d00000, 0x00000000d5580000)
  object space 62464K, 54% used [0x0000000080000000,0x00000000820ff3f8,0x0000000083d00000)
 Metaspace       used 42131K, capacity 44721K, committed 44760K, reserved 1087488K
  class space    used 5908K, capacity 6400K, committed 6400K, reserved 1048576K
}

